<?xml version="1.0" encoding="UTF-8"?>
<!-- Generated by org.testng.reporters.JUnitXMLReporter -->
<testsuite ignored="0" hostname="DESKTOP-DD8IRLB" failures="1" tests="1" name="Test" time="74.883" errors="0" timestamp="2022-12-27T17:52:23 IST">
  <testcase classname="com.inetbanking.testcases.TC_LoginTest_001" name="loginTest" time="62.433">
    <failure type="java.lang.AssertionError" message="expected [true] but found [false]">
      <![CDATA[java.lang.AssertionError: expected [true] but found [false]
at com.inetbanking.testcases.TC_LoginTest_001.loginTest(TC_LoginTest_001.java:27)
at java.base/java.util.ArrayList.forEach(ArrayList.java:1511)
... Removed 29 stack frames]]>
    </failure>
  </testcase> <!-- loginTest -->
</testsuite> <!-- Test -->
