<?xml version="1.0" encoding="UTF-8"?>
<testng-results ignored="0" total="1" passed="1" failed="0" skipped="0">
  <reporter-output>
  </reporter-output>
  <suite started-at="2023-01-04T14:50:40 IST" name="Suite" finished-at="2023-01-04T14:52:30 IST" duration-ms="109762">
    <groups>
    </groups>
    <test started-at="2023-01-04T14:50:40 IST" name="Test" finished-at="2023-01-04T14:52:30 IST" duration-ms="109762">
      <class name="com.inetbanking.testcases.TC_LoginTest_001">
        <test-method is-config="true" signature="setup()[pri:0, instance:com.inetbanking.testcases.TC_LoginTest_001@53fe15ff]" started-at="2023-01-04T14:50:43 IST" name="setup" finished-at="2023-01-04T14:51:17 IST" duration-ms="34537" status="PASS">
          <reporter-output>
          </reporter-output>
        </test-method> <!-- setup -->
        <test-method signature="loginTest()[pri:0, instance:com.inetbanking.testcases.TC_LoginTest_001@53fe15ff]" started-at="2023-01-04T14:51:17 IST" name="loginTest" finished-at="2023-01-04T14:52:30 IST" duration-ms="72106" status="PASS">
          <reporter-output>
          </reporter-output>
        </test-method> <!-- loginTest -->
      </class> <!-- com.inetbanking.testcases.TC_LoginTest_001 -->
    </test> <!-- Test -->
  </suite> <!-- Suite -->
</testng-results>
