<?xml version="1.0" encoding="UTF-8"?>
<testng-results ignored="0" total="1" passed="1" failed="0" skipped="0">
  <reporter-output>
  </reporter-output>
  <suite started-at="2023-09-13T22:16:31 IST" name="Default suite" finished-at="2023-09-13T22:17:14 IST" duration-ms="43438">
    <groups>
    </groups>
    <test started-at="2023-09-13T22:16:31 IST" name="Default test" finished-at="2023-09-13T22:17:14 IST" duration-ms="43438">
      <class name="com.inetbanking.testcases.TC_LoginTest_001">
        <test-method is-config="true" signature="setup()[pri:0, instance:com.inetbanking.testcases.TC_LoginTest_001@795509d9]" started-at="2023-09-13T22:16:31 IST" name="setup" finished-at="2023-09-13T22:17:06 IST" duration-ms="34726" status="PASS">
          <reporter-output>
          </reporter-output>
        </test-method> <!-- setup -->
        <test-method signature="loginTest()[pri:0, instance:com.inetbanking.testcases.TC_LoginTest_001@795509d9]" started-at="2023-09-13T22:17:06 IST" name="loginTest" finished-at="2023-09-13T22:17:14 IST" duration-ms="8595" status="PASS">
          <reporter-output>
          </reporter-output>
        </test-method> <!-- loginTest -->
      </class> <!-- com.inetbanking.testcases.TC_LoginTest_001 -->
    </test> <!-- Default test -->
  </suite> <!-- Default suite -->
</testng-results>
