<?xml version="1.0" encoding="UTF-8"?>
<testng-results ignored="0" total="1" passed="1" failed="0" skipped="0">
  <reporter-output>
  </reporter-output>
  <suite started-at="2023-01-01T11:58:40 IST" name="Failed suite [Default suite]" finished-at="2023-01-01T11:59:39 IST" duration-ms="59305">
    <groups>
    </groups>
    <test started-at="2023-01-01T11:58:40 IST" name="Default test(failed)" finished-at="2023-01-01T11:59:39 IST" duration-ms="59305">
      <class name="com.inetbanking.testcases.TC_LoginTest_001">
        <test-method is-config="true" signature="setup()[pri:0, instance:com.inetbanking.testcases.TC_LoginTest_001@6cf0e0ba]" started-at="2023-01-01T11:58:40 IST" name="setup" finished-at="2023-01-01T11:58:53 IST" duration-ms="12692" status="PASS">
          <reporter-output>
          </reporter-output>
        </test-method> <!-- setup -->
        <test-method signature="loginTest()[pri:0, instance:com.inetbanking.testcases.TC_LoginTest_001@6cf0e0ba]" started-at="2023-01-01T11:58:53 IST" name="loginTest" finished-at="2023-01-01T11:59:39 IST" duration-ms="46386" status="PASS">
          <reporter-output>
          </reporter-output>
        </test-method> <!-- loginTest -->
      </class> <!-- com.inetbanking.testcases.TC_LoginTest_001 -->
    </test> <!-- Default test(failed) -->
  </suite> <!-- Failed suite [Default suite] -->
</testng-results>
